#-----------------------------------------------------------
# Vivado v2020.1 (64-bit)
# SW Build 2902540 on Wed May 27 19:54:49 MDT 2020
# IP Build 2902112 on Wed May 27 22:43:36 MDT 2020
# Start of session at: Mon Mar 11 23:39:29 2024
# Process ID: 28448
# Current directory: F:/My_sem_10/sem10_my_material/MICRO_LAB/labs/partial_reconfig_task_4
# Command line: vivado.exe -gui_launcher_event rodinguilauncherevent20772 F:\My_sem_10\sem10_my_material\MICRO_LAB\labs\partial_reconfig_task_4\hls_trial_4.xpr
# Log file: F:/My_sem_10/sem10_my_material/MICRO_LAB/labs/partial_reconfig_task_4/vivado.log
# Journal file: F:/My_sem_10/sem10_my_material/MICRO_LAB/labs/partial_reconfig_task_4\vivado.jou
#-----------------------------------------------------------
start_gui
open_project F:/My_sem_10/sem10_my_material/MICRO_LAB/labs/partial_reconfig_task_4/hls_trial_4.xpr
INFO: [Project 1-313] Project file moved from 'F:/My_sem_10/sem10_my_material/MICRO_LAB/hls_trial_4' since last save.
WARNING: [Project 1-312] File not found as 'F:/My_sem_10/sem10_my_material/MICRO_LAB/labs/labs/reconfig_tut/partial_reconfig_add_mult_div/4_bit_adder/solution1/impl/vhdl/add.vhd'; using path 'F:/My_sem_10/sem10_my_material/MICRO_LAB/labs/reconfig_tut/partial_reconfig_add_mult_div/4_bit_adder/solution1/impl/vhdl/add.vhd' instead.
WARNING: [Project 1-312] File not found as 'F:/My_sem_10/sem10_my_material/MICRO_LAB/labs/labs/reconfig_tut/partial_reconfig_add_mult_div/partial_reconfig_add_mult_div.srcs/sources_1/new/top_module.vhd'; using path 'F:/My_sem_10/sem10_my_material/MICRO_LAB/labs/reconfig_tut/partial_reconfig_add_mult_div/partial_reconfig_add_mult_div.srcs/sources_1/new/top_module.vhd' instead.
WARNING: [Project 1-312] File not found as 'F:/My_sem_10/sem10_my_material/MICRO_LAB/labs/labs/reconfig_tut/partial_reconfig_add_mult_div/multiplier_tb/solution1/impl/vhdl/mult.vhd'; using path 'F:/My_sem_10/sem10_my_material/MICRO_LAB/labs/reconfig_tut/partial_reconfig_add_mult_div/multiplier_tb/solution1/impl/vhdl/mult.vhd' instead.
WARNING: [Project 1-312] File not found as 'F:/My_sem_10/sem10_my_material/MICRO_LAB/labs/labs/reconfig_tut/partial_reconfig_add_mult_div/Basys-3-Master.xdc'; using path 'F:/My_sem_10/sem10_my_material/MICRO_LAB/labs/reconfig_tut/partial_reconfig_add_mult_div/Basys-3-Master.xdc' instead.
WARNING: [Project 1-312] File not found as 'F:/My_sem_10/sem10_my_material/MICRO_LAB/labs/labs/reconfig_tut/partial_reconfig_add_mult_div/divide/solution1/impl/vhdl/divide_udiv_4ns_4bkb.vhd'; using path 'F:/My_sem_10/sem10_my_material/MICRO_LAB/labs/reconfig_tut/partial_reconfig_add_mult_div/divide/solution1/impl/vhdl/divide_udiv_4ns_4bkb.vhd' instead.
WARNING: [Project 1-312] File not found as 'F:/My_sem_10/sem10_my_material/MICRO_LAB/labs/labs/reconfig_tut/partial_reconfig_add_mult_div/divide/solution1/impl/vhdl/divide.vhd'; using path 'F:/My_sem_10/sem10_my_material/MICRO_LAB/labs/reconfig_tut/partial_reconfig_add_mult_div/divide/solution1/impl/vhdl/divide.vhd' instead.
WARNING: [Project 1-312] File not found as 'F:/My_sem_10/sem10_my_material/MICRO_LAB/labs/labs/reconfig_tut/partial_reconfig_add_mult_div/multiplier_tb/solution1/impl/vhdl/mult.vhd'; using path 'F:/My_sem_10/sem10_my_material/MICRO_LAB/labs/reconfig_tut/partial_reconfig_add_mult_div/multiplier_tb/solution1/impl/vhdl/mult.vhd' instead.
Scanning sources...
Finished scanning sources
WARNING: [Project 1-312] File not found as 'F:/My_sem_10/sem10_my_material/MICRO_LAB/labs/labs/reconfig_tut/partial_reconfig_add_mult_div/4_bit_adder/solution1/impl/vhdl/add.vhd'; using path 'F:/My_sem_10/sem10_my_material/MICRO_LAB/labs/reconfig_tut/partial_reconfig_add_mult_div/4_bit_adder/solution1/impl/vhdl/add.vhd' instead.
WARNING: [Project 1-312] File not found as 'F:/My_sem_10/sem10_my_material/MICRO_LAB/labs/labs/reconfig_tut/partial_reconfig_add_mult_div/partial_reconfig_add_mult_div.srcs/sources_1/new/top_module.vhd'; using path 'F:/My_sem_10/sem10_my_material/MICRO_LAB/labs/reconfig_tut/partial_reconfig_add_mult_div/partial_reconfig_add_mult_div.srcs/sources_1/new/top_module.vhd' instead.
WARNING: [Project 1-312] File not found as 'F:/My_sem_10/sem10_my_material/MICRO_LAB/labs/labs/reconfig_tut/partial_reconfig_add_mult_div/multiplier_tb/solution1/impl/vhdl/mult.vhd'; using path 'F:/My_sem_10/sem10_my_material/MICRO_LAB/labs/reconfig_tut/partial_reconfig_add_mult_div/multiplier_tb/solution1/impl/vhdl/mult.vhd' instead.
WARNING: [Project 1-312] File not found as 'F:/My_sem_10/sem10_my_material/MICRO_LAB/labs/labs/reconfig_tut/partial_reconfig_add_mult_div/Basys-3-Master.xdc'; using path 'F:/My_sem_10/sem10_my_material/MICRO_LAB/labs/reconfig_tut/partial_reconfig_add_mult_div/Basys-3-Master.xdc' instead.
WARNING: [Project 1-312] File not found as 'F:/My_sem_10/sem10_my_material/MICRO_LAB/labs/labs/reconfig_tut/partial_reconfig_add_mult_div/divide/solution1/impl/vhdl/divide_udiv_4ns_4bkb.vhd'; using path 'F:/My_sem_10/sem10_my_material/MICRO_LAB/labs/reconfig_tut/partial_reconfig_add_mult_div/divide/solution1/impl/vhdl/divide_udiv_4ns_4bkb.vhd' instead.
WARNING: [Project 1-312] File not found as 'F:/My_sem_10/sem10_my_material/MICRO_LAB/labs/labs/reconfig_tut/partial_reconfig_add_mult_div/divide/solution1/impl/vhdl/divide.vhd'; using path 'F:/My_sem_10/sem10_my_material/MICRO_LAB/labs/reconfig_tut/partial_reconfig_add_mult_div/divide/solution1/impl/vhdl/divide.vhd' instead.
WARNING: [Project 1-312] File not found as 'F:/My_sem_10/sem10_my_material/MICRO_LAB/labs/labs/reconfig_tut/partial_reconfig_add_mult_div/divide/solution1/impl/vhdl/divide_udiv_4ns_4bkb.vhd'; using path 'F:/My_sem_10/sem10_my_material/MICRO_LAB/labs/reconfig_tut/partial_reconfig_add_mult_div/divide/solution1/impl/vhdl/divide_udiv_4ns_4bkb.vhd' instead.
WARNING: [Project 1-312] File not found as 'F:/My_sem_10/sem10_my_material/MICRO_LAB/labs/labs/reconfig_tut/partial_reconfig_add_mult_div/divide/solution1/impl/vhdl/divide.vhd'; using path 'F:/My_sem_10/sem10_my_material/MICRO_LAB/labs/reconfig_tut/partial_reconfig_add_mult_div/divide/solution1/impl/vhdl/divide.vhd' instead.
WARNING: [Project 1-312] File not found as 'F:/My_sem_10/sem10_my_material/MICRO_LAB/labs/labs/reconfig_tut/partial_reconfig_add_mult_div/multiplier_tb/solution1/impl/vhdl/mult.vhd'; using path 'F:/My_sem_10/sem10_my_material/MICRO_LAB/labs/reconfig_tut/partial_reconfig_add_mult_div/multiplier_tb/solution1/impl/vhdl/mult.vhd' instead.
WARNING: [Project 1-312] File not found as 'F:/My_sem_10/sem10_my_material/MICRO_LAB/labs/labs/reconfig_tut/partial_reconfig_add_mult_div/multiplier_tb/solution1/impl/vhdl/mult.vhd'; using path 'F:/My_sem_10/sem10_my_material/MICRO_LAB/labs/reconfig_tut/partial_reconfig_add_mult_div/multiplier_tb/solution1/impl/vhdl/mult.vhd' instead.
WARNING: [Project 1-312] File not found as 'F:/My_sem_10/sem10_my_material/MICRO_LAB/labs/labs/reconfig_tut/partial_reconfig_add_mult_div/4_bit_adder/solution1/impl/vhdl/add.vhd'; using path 'F:/My_sem_10/sem10_my_material/MICRO_LAB/labs/reconfig_tut/partial_reconfig_add_mult_div/4_bit_adder/solution1/impl/vhdl/add.vhd' instead.
WARNING: [Project 1-312] File not found as 'F:/My_sem_10/sem10_my_material/MICRO_LAB/labs/labs/reconfig_tut/partial_reconfig_add_mult_div/partial_reconfig_add_mult_div.srcs/sources_1/new/top_module.vhd'; using path 'F:/My_sem_10/sem10_my_material/MICRO_LAB/labs/reconfig_tut/partial_reconfig_add_mult_div/partial_reconfig_add_mult_div.srcs/sources_1/new/top_module.vhd' instead.
WARNING: [Project 1-312] File not found as 'F:/My_sem_10/sem10_my_material/MICRO_LAB/labs/labs/reconfig_tut/partial_reconfig_add_mult_div/multiplier_tb/solution1/impl/vhdl/mult.vhd'; using path 'F:/My_sem_10/sem10_my_material/MICRO_LAB/labs/reconfig_tut/partial_reconfig_add_mult_div/multiplier_tb/solution1/impl/vhdl/mult.vhd' instead.
WARNING: [Project 1-312] File not found as 'F:/My_sem_10/sem10_my_material/MICRO_LAB/labs/labs/reconfig_tut/partial_reconfig_add_mult_div/Basys-3-Master.xdc'; using path 'F:/My_sem_10/sem10_my_material/MICRO_LAB/labs/reconfig_tut/partial_reconfig_add_mult_div/Basys-3-Master.xdc' instead.
WARNING: [Project 1-312] File not found as 'F:/My_sem_10/sem10_my_material/MICRO_LAB/labs/labs/reconfig_tut/partial_reconfig_add_mult_div/4_bit_adder/solution1/impl/vhdl/add.vhd'; using path 'F:/My_sem_10/sem10_my_material/MICRO_LAB/labs/reconfig_tut/partial_reconfig_add_mult_div/4_bit_adder/solution1/impl/vhdl/add.vhd' instead.
WARNING: [Project 1-312] File not found as 'F:/My_sem_10/sem10_my_material/MICRO_LAB/labs/labs/reconfig_tut/partial_reconfig_add_mult_div/partial_reconfig_add_mult_div.srcs/sources_1/new/top_module.vhd'; using path 'F:/My_sem_10/sem10_my_material/MICRO_LAB/labs/reconfig_tut/partial_reconfig_add_mult_div/partial_reconfig_add_mult_div.srcs/sources_1/new/top_module.vhd' instead.
WARNING: [Project 1-312] File not found as 'F:/My_sem_10/sem10_my_material/MICRO_LAB/labs/labs/reconfig_tut/partial_reconfig_add_mult_div/multiplier_tb/solution1/impl/vhdl/mult.vhd'; using path 'F:/My_sem_10/sem10_my_material/MICRO_LAB/labs/reconfig_tut/partial_reconfig_add_mult_div/multiplier_tb/solution1/impl/vhdl/mult.vhd' instead.
WARNING: [Project 1-312] File not found as 'F:/My_sem_10/sem10_my_material/MICRO_LAB/labs/labs/reconfig_tut/partial_reconfig_add_mult_div/Basys-3-Master.xdc'; using path 'F:/My_sem_10/sem10_my_material/MICRO_LAB/labs/reconfig_tut/partial_reconfig_add_mult_div/Basys-3-Master.xdc' instead.
WARNING: [filemgmt 56-2] Default IP Output Path : Could not find the directory 'F:/My_sem_10/sem10_my_material/MICRO_LAB/labs/partial_reconfig_task_4/hls_trial_4.srcs/sources_1', nor could it be found using path 'F:/My_sem_10/sem10_my_material/MICRO_LAB/hls_trial_4/hls_trial_4.srcs/sources_1'.
INFO: [IP_Flow 19-234] Refreshing IP repositories
INFO: [IP_Flow 19-1704] No user IP repositories specified
INFO: [IP_Flow 19-2313] Loaded Vivado IP repository 'C:/Xilinx/Vivado/2020.1/data/ip'.
open_project: Time (s): cpu = 00:00:15 ; elapsed = 00:00:06 . Memory (MB): peak = 1036.355 ; gain = 0.000
update_compile_order -fileset sources_1
exit
INFO: [Common 17-206] Exiting Vivado at Mon Mar 11 23:41:04 2024...
