Command: pr_verify -full_check -initial F:/My_sem_10/sem10_my_material/MICRO_LAB/hls_trial_4/hls_trial_4.runs/impl_1/top_module_routed.dcp -additional F:/My_sem_10/sem10_my_material/MICRO_LAB/hls_trial_4/hls_trial_4.runs/child_0_impl_1/top_module_routed.dcp -file child_0_impl_1_pr_verify.log
Mon Mar 11 20:26:46 2024

INFO: [Constraints 18-1020] PR Verify Summary:
DCP1: F:/My_sem_10/sem10_my_material/MICRO_LAB/hls_trial_4/hls_trial_4.runs/impl_1/top_module_routed.dcp
  Number of reconfigurable modules compared = 1
  Number of partition pins compared         = 24
  Number of static tiles compared           = 204
  Number of static sites compared           = 38
  Number of static cells compared           = 41
  Number of static routed nodes compared    = 570
  Number of static routed pips compared     = 535

DCP2: F:/My_sem_10/sem10_my_material/MICRO_LAB/hls_trial_4/hls_trial_4.runs/child_0_impl_1/top_module_routed.dcp
  Number of reconfigurable modules compared = 1
  Number of partition pins compared         = 24
  Number of static tiles compared           = 204
  Number of static sites compared           = 38
  Number of static cells compared           = 41
  Number of static routed nodes compared    = 570
  Number of static routed pips compared     = 535
INFO: [Vivado 12-3253] PR_VERIFY: check points F:/My_sem_10/sem10_my_material/MICRO_LAB/hls_trial_4/hls_trial_4.runs/impl_1/top_module_routed.dcp and F:/My_sem_10/sem10_my_material/MICRO_LAB/hls_trial_4/hls_trial_4.runs/child_0_impl_1/top_module_routed.dcp are compatible
