Copyright 1986-2020 Xilinx, Inc. All Rights Reserved.
---------------------------------------------------------------------------------------
| Tool Version : Vivado v.2020.1 (win64) Build 2902540 Wed May 27 19:54:49 MDT 2020
| Date         : Mon Mar 11 20:24:08 2024
| Host         : Martel running 64-bit major release  (build 9200)
| Command      : report_control_sets -verbose -file top_module_control_sets_placed.rpt
| Design       : top_module
| Device       : xc7a35t
---------------------------------------------------------------------------------------

Control Set Information

Table of Contents
-----------------
1. Summary
2. Histogram
3. Flip-Flop Distribution
4. Detailed Control Set Information

1. Summary
----------

+----------------------------------------------------------+-------+
|                          Status                          | Count |
+----------------------------------------------------------+-------+
| Total control sets                                       |     4 |
|    Minimum number of control sets                        |     4 |
|    Addition due to synthesis replication                 |     0 |
|    Addition due to physical synthesis replication        |     0 |
| Unused register locations in slices containing registers |     7 |
+----------------------------------------------------------+-------+
* Control sets can be merged at opt_design using control_set_merge or merge_equivalent_drivers
** Run report_qor_suggestions for automated merging and remapping suggestions


2. Histogram
------------

+--------------------+-------+
|       Fanout       | Count |
+--------------------+-------+
| Total control sets |     4 |
| >= 0 to < 4        |     0 |
| >= 4 to < 6        |     1 |
| >= 6 to < 8        |     0 |
| >= 8 to < 10       |     1 |
| >= 10 to < 12      |     0 |
| >= 12 to < 14      |     1 |
| >= 14 to < 16      |     0 |
| >= 16              |     1 |
+--------------------+-------+
* Control sets can be remapped at either synth_design or opt_design


3. Flip-Flop Distribution
-------------------------

+--------------+-----------------------+------------------------+-----------------+--------------+
| Clock Enable | Synchronous Set/Reset | Asynchronous Set/Reset | Total Registers | Total Slices |
+--------------+-----------------------+------------------------+-----------------+--------------+
| No           | No                    | No                     |              16 |            6 |
| No           | No                    | Yes                    |               0 |            0 |
| No           | Yes                   | No                     |              13 |            2 |
| Yes          | No                    | No                     |              12 |            7 |
| Yes          | No                    | Yes                    |               0 |            0 |
| Yes          | Yes                   | No                     |               0 |            0 |
+--------------+-----------------------+------------------------+-----------------+--------------+


4. Detailed Control Set Information
-----------------------------------

+-------------------+-------------------------------------------------------------------------------------------------------------+------------------+------------------+----------------+--------------+
|    Clock Signal   |                                                Enable Signal                                                | Set/Reset Signal | Slice Load Count | Bel Load Count | Bels / Slice |
+-------------------+-------------------------------------------------------------------------------------------------------------+------------------+------------------+----------------+--------------+
|  ap_clk_IBUF_BUFG | divide1/divide_udiv_4ns_4bkb_U1/divide_udiv_4ns_4bkb_div_U/divide_udiv_4ns_4bkb_div_u_0/r_stage_reg[4]_0[0] |                  |                3 |              4 |         1.33 |
|  ap_clk_IBUF_BUFG | divide1/divide_udiv_4ns_4bkb_U1/divide_udiv_4ns_4bkb_div_U/start0_reg_n_0                                   |                  |                4 |              8 |         2.00 |
|  ap_clk_IBUF_BUFG |                                                                                                             | ap_rst_IBUF      |                2 |             13 |         6.50 |
|  ap_clk_IBUF_BUFG |                                                                                                             |                  |                6 |             16 |         2.67 |
+-------------------+-------------------------------------------------------------------------------------------------------------+------------------+------------------+----------------+--------------+


